<?xml version="1.0" encoding="UTF-8"?>
<!-- Generated by org.testng.reporters.JUnitXMLReporter -->
<testsuite ignored="0" hostname="LAP977PER" failures="0" tests="8" name="vspace_TestProject" time="6.046" errors="0" timestamp="2024-02-28T13:33:16 IST">
  <testcase classname="com.vspace.qa.TestCases.LoginTest" name="@BeforeMethod initialization" time="2.466">
    <failure type="java.lang.AssertionError" message="null">
      <![CDATA[java.lang.AssertionError: null
at com.vspace.qa.base.Base.initialise(Base.java:31)
at com.vspace.qa.TestCases.LoginTest.initialization(LoginTest.java:28)
at java.base/java.util.ArrayList.forEach(ArrayList.java:1511)
... Removed 33 stack frames]]>
    </failure>
  </testcase> <!-- @BeforeMethod initialization -->
  <testcase classname="com.vspace.qa.TestCases.LoginTest" name="@AfterMethod tearDown" time="-1.709107394526E9">
    <skipped/>
  </testcase> <!-- @AfterMethod tearDown -->
  <testcase classname="com.vspace.qa.TestCases.LoginTest" name="@BeforeMethod initialization" time="-1.709107394529E9">
    <skipped/>
  </testcase> <!-- @BeforeMethod initialization -->
  <testcase classname="com.vspace.qa.TestCases.LoginTest" name="@AfterMethod tearDown" time="-1.709107394654E9">
    <skipped/>
  </testcase> <!-- @AfterMethod tearDown -->
  <testcase classname="com.vspace.qa.TestCases.LoginTest" name="@BeforeMethod initialization" time="-1.709107394656E9">
    <skipped/>
  </testcase> <!-- @BeforeMethod initialization -->
  <testcase classname="com.vspace.qa.TestCases.LoginTest" name="@AfterMethod tearDown" time="-1.709107394734E9">
    <skipped/>
  </testcase> <!-- @AfterMethod tearDown -->
  <testcase classname="com.vspace.qa.TestCases.LoginTest" name="@BeforeMethod initialization" time="-1.709107394736E9">
    <skipped/>
  </testcase> <!-- @BeforeMethod initialization -->
  <testcase classname="com.vspace.qa.TestCases.LoginTest" name="@AfterMethod tearDown" time="-1.709107394817E9">
    <skipped/>
  </testcase> <!-- @AfterMethod tearDown -->
  <testcase classname="com.vspace.qa.TestCases.LoginTest" name="@BeforeMethod initialization" time="-1.709107394819E9">
    <skipped/>
  </testcase> <!-- @BeforeMethod initialization -->
  <testcase classname="com.vspace.qa.TestCases.LoginTest" name="@AfterMethod tearDown" time="-1.7091073949E9">
    <skipped/>
  </testcase> <!-- @AfterMethod tearDown -->
  <testcase classname="com.vspace.qa.TestCases.OpportunityListingTest" name="@BeforeMethod initialization" time="1.497">
    <failure type="java.lang.AssertionError" message="null">
      <![CDATA[java.lang.AssertionError: null
at com.vspace.qa.base.Base.initialise(Base.java:31)
at com.vspace.qa.TestCases.OpportunityListingTest.initialization(OpportunityListingTest.java:27)
at java.base/java.util.ArrayList.forEach(ArrayList.java:1511)
... Removed 33 stack frames]]>
    </failure>
  </testcase> <!-- @BeforeMethod initialization -->
  <testcase classname="com.vspace.qa.TestCases.OpportunityListingTest" name="@AfterMethod tearDown" time="-1.709107396544E9">
    <skipped/>
  </testcase> <!-- @AfterMethod tearDown -->
  <testcase classname="com.vspace.qa.TestCases.OpportunityListingTest" name="@BeforeMethod initialization" time="-1.709107396545E9">
    <skipped/>
  </testcase> <!-- @BeforeMethod initialization -->
  <testcase classname="com.vspace.qa.TestCases.OpportunityListingTest" name="@AfterMethod tearDown" time="-1.709107396603E9">
    <skipped/>
  </testcase> <!-- @AfterMethod tearDown -->
  <testcase classname="com.vspace.qa.TestCases.LoginTest" name="TC003_chckInvldPasswd_LoginTest" time="0.0">
    <skipped/>
  </testcase> <!-- TC003_chckInvldPasswd_LoginTest -->
  <testcase classname="com.vspace.qa.TestCases.LoginTest" name="TC001_chckvldcredential_LoginTest" time="0.0">
    <skipped/>
  </testcase> <!-- TC001_chckvldcredential_LoginTest -->
  <testcase classname="com.vspace.qa.TestCases.LoginTest" name="TC002_chckInvldEmail_LoginTest" time="0.0">
    <skipped/>
  </testcase> <!-- TC002_chckInvldEmail_LoginTest -->
  <testcase classname="com.vspace.qa.TestCases.LoginTest" name="TC005_chckblankpassword_LoginTest" time="0.0">
    <skipped/>
  </testcase> <!-- TC005_chckblankpassword_LoginTest -->
  <testcase classname="com.vspace.qa.TestCases.LoginTest" name="TC006_chckblankemailPassws_LoginTest" time="0.0">
    <skipped/>
  </testcase> <!-- TC006_chckblankemailPassws_LoginTest -->
  <testcase classname="com.vspace.qa.TestCases.LoginTest" name="TC004_chckblankemail_LoginTest" time="0.0">
    <skipped/>
  </testcase> <!-- TC004_chckblankemail_LoginTest -->
  <testcase classname="com.vspace.qa.TestCases.OpportunityListingTest" name="TC007_opportunityBtn_clcksuccess" time="0.0">
    <skipped/>
  </testcase> <!-- TC007_opportunityBtn_clcksuccess -->
  <testcase classname="com.vspace.qa.TestCases.OpportunityListingTest" name="TC008_oppListcountChck" time="0.0">
    <skipped/>
  </testcase> <!-- TC008_oppListcountChck -->
</testsuite> <!-- vspace_TestProject -->
