<!DOCTYPE html PUBLIC "-//W3C//DTD XHTML 1.1//EN" "https://www.w3.org/TR/xhtml11/DTD/xhtml11.dtd">
<html xmlns="https://www.w3.org/1999/xhtml">
<head>
<meta http-equiv="content-type" content="text/html; charset=UTF-8"/>
<title>TestNG Report</title>
<style type="text/css">table {margin-bottom:10px;border-collapse:collapse;empty-cells:show}th,td {border:1px solid #009;padding:.25em .5em}th {vertical-align:bottom}td {vertical-align:top}table a {font-weight:bold}.stripe td {background-color: #E6EBF9}.num {text-align:right}.passedodd td {background-color: #3F3}.passedeven td {background-color: #0A0}.skippedodd td {background-color: #DDD}.skippedeven td {background-color: #CCC}.failedodd td,.attn {background-color: #F33}.failedeven td,.stripe .attn {background-color: #D00}.stacktrace {white-space:pre;font-family:monospace}.totop {font-size:85%;text-align:center;border-bottom:2px solid #000}.invisible {display:none}</style>
</head>
<body>
<table>
<tr><th>Test</th><th># Passed</th><th># Skipped</th><th># Retried</th><th># Failed</th><th>Time (ms)</th><th>Included Groups</th><th>Excluded Groups</th></tr>
<tr><th colspan="8">vspace_TestSuite</th></tr>
<tr><td><a href="#t0">vspace_TestProject</a></td><td class="num">0</td><td class="num attn">8</td><td class="num">0</td><td class="num">0</td><td class="num">6,046</td><td></td><td></td></tr>
</table>
<table id='summary'><thead><tr><th>Class</th><th>Method</th><th>Start</th><th>Time (ms)</th></tr></thead><tbody><tr><th colspan="4">vspace_TestSuite</th></tr></tbody><tbody id="t0"><tr><th colspan="4">vspace_TestProject &#8212; failed (configuration methods)</th></tr><tr class="failedeven"><td rowspan="1">com.vspace.qa.TestCases.LoginTest</td><td><a href="#m0">initialization</a></td><td rowspan="1">1709107391060</td><td rowspan="1">2466</td></tr><tr class="failedodd"><td rowspan="1">com.vspace.qa.TestCases.OpportunityListingTest</td><td><a href="#m1">initialization</a></td><td rowspan="1">1709107394985</td><td rowspan="1">1497</td></tr><tr><th colspan="4">vspace_TestProject &#8212; skipped (configuration methods)</th></tr><tr class="skippedeven"><td rowspan="9">com.vspace.qa.TestCases.LoginTest</td><td><a href="#m2">initialization</a></td><td rowspan="4">1709107394656</td><td rowspan="4">-1709107394656</td></tr><tr class="skippedeven"><td><a href="#m3">initialization</a></td></tr><tr class="skippedeven"><td><a href="#m4">initialization</a></td></tr><tr class="skippedeven"><td><a href="#m5">initialization</a></td></tr><tr class="skippedeven"><td><a href="#m6">tearDown</a></td><td rowspan="5">1709107394526</td><td rowspan="5">-1709107394526</td></tr><tr class="skippedeven"><td><a href="#m7">tearDown</a></td></tr><tr class="skippedeven"><td><a href="#m8">tearDown</a></td></tr><tr class="skippedeven"><td><a href="#m9">tearDown</a></td></tr><tr class="skippedeven"><td><a href="#m10">tearDown</a></td></tr><tr class="skippedodd"><td rowspan="3">com.vspace.qa.TestCases.OpportunityListingTest</td><td><a href="#m11">initialization</a></td><td rowspan="1">1709107396545</td><td rowspan="1">-1709107396545</td></tr><tr class="skippedodd"><td><a href="#m12">tearDown</a></td><td rowspan="2">1709107396544</td><td rowspan="2">-1709107396544</td></tr><tr class="skippedodd"><td><a href="#m13">tearDown</a></td></tr><tr><th colspan="4">vspace_TestProject &#8212; skipped</th></tr><tr class="skippedeven"><td rowspan="6">com.vspace.qa.TestCases.LoginTest</td><td><a href="#m14">TC001_chckvldcredential_LoginTest</a></td><td rowspan="1">1709107394530</td><td rowspan="1">0</td></tr><tr class="skippedeven"><td><a href="#m15">TC002_chckInvldEmail_LoginTest</a></td><td rowspan="1">1709107394658</td><td rowspan="1">0</td></tr><tr class="skippedeven"><td><a href="#m16">TC003_chckInvldPasswd_LoginTest</a></td><td rowspan="1">1709107393539</td><td rowspan="1">0</td></tr><tr class="skippedeven"><td><a href="#m17">TC004_chckblankemail_LoginTest</a></td><td rowspan="1">1709107394905</td><td rowspan="1">0</td></tr><tr class="skippedeven"><td><a href="#m18">TC005_chckblankpassword_LoginTest</a></td><td rowspan="1">1709107394738</td><td rowspan="1">0</td></tr><tr class="skippedeven"><td><a href="#m19">TC006_chckblankemailPassws_LoginTest</a></td><td rowspan="1">1709107394820</td><td rowspan="1">0</td></tr><tr class="skippedodd"><td rowspan="2">com.vspace.qa.TestCases.OpportunityListingTest</td><td><a href="#m20">TC007_opportunityBtn_clcksuccess</a></td><td rowspan="1">1709107396484</td><td rowspan="1">0</td></tr><tr class="skippedodd"><td><a href="#m21">TC008_oppListcountChck</a></td><td rowspan="1">1709107396546</td><td rowspan="1">0</td></tr></tbody>
</table>
<h2>vspace_TestProject</h2><h3 id="m0">com.vspace.qa.TestCases.LoginTest#initialization</h3><table class="result"><tr><th>Exception</th></tr><tr><td><div class="stacktrace">java.lang.AssertionError: null
	at com.vspace.qa.base.Base.initialise(Base.java:31)
	at com.vspace.qa.TestCases.LoginTest.initialization(LoginTest.java:28)
	at java.base/java.util.ArrayList.forEach(ArrayList.java:1511)
... Removed 33 stack frames</div></td></tr></table><p class="totop"><a href="#summary">back to summary</a></p>
<h3 id="m1">com.vspace.qa.TestCases.OpportunityListingTest#initialization</h3><table class="result"><tr><th>Exception</th></tr><tr><td><div class="stacktrace">java.lang.AssertionError: null
	at com.vspace.qa.base.Base.initialise(Base.java:31)
	at com.vspace.qa.TestCases.OpportunityListingTest.initialization(OpportunityListingTest.java:27)
	at java.base/java.util.ArrayList.forEach(ArrayList.java:1511)
... Removed 33 stack frames</div></td></tr></table><p class="totop"><a href="#summary">back to summary</a></p>
<h3 id="m2">com.vspace.qa.TestCases.LoginTest#initialization</h3><table class="result"><tr><th class="invisible"/></tr></table><p class="totop"><a href="#summary">back to summary</a></p>
<h3 id="m3">com.vspace.qa.TestCases.LoginTest#initialization</h3><table class="result"><tr><th class="invisible"/></tr></table><p class="totop"><a href="#summary">back to summary</a></p>
<h3 id="m4">com.vspace.qa.TestCases.LoginTest#initialization</h3><table class="result"><tr><th class="invisible"/></tr></table><p class="totop"><a href="#summary">back to summary</a></p>
<h3 id="m5">com.vspace.qa.TestCases.LoginTest#initialization</h3><table class="result"><tr><th class="invisible"/></tr></table><p class="totop"><a href="#summary">back to summary</a></p>
<h3 id="m6">com.vspace.qa.TestCases.LoginTest#tearDown</h3><table class="result"><tr><th class="invisible"/></tr></table><p class="totop"><a href="#summary">back to summary</a></p>
<h3 id="m7">com.vspace.qa.TestCases.LoginTest#tearDown</h3><table class="result"><tr><th class="invisible"/></tr></table><p class="totop"><a href="#summary">back to summary</a></p>
<h3 id="m8">com.vspace.qa.TestCases.LoginTest#tearDown</h3><table class="result"><tr><th class="invisible"/></tr></table><p class="totop"><a href="#summary">back to summary</a></p>
<h3 id="m9">com.vspace.qa.TestCases.LoginTest#tearDown</h3><table class="result"><tr><th class="invisible"/></tr></table><p class="totop"><a href="#summary">back to summary</a></p>
<h3 id="m10">com.vspace.qa.TestCases.LoginTest#tearDown</h3><table class="result"><tr><th class="invisible"/></tr></table><p class="totop"><a href="#summary">back to summary</a></p>
<h3 id="m11">com.vspace.qa.TestCases.OpportunityListingTest#initialization</h3><table class="result"><tr><th class="invisible"/></tr></table><p class="totop"><a href="#summary">back to summary</a></p>
<h3 id="m12">com.vspace.qa.TestCases.OpportunityListingTest#tearDown</h3><table class="result"><tr><th class="invisible"/></tr></table><p class="totop"><a href="#summary">back to summary</a></p>
<h3 id="m13">com.vspace.qa.TestCases.OpportunityListingTest#tearDown</h3><table class="result"><tr><th class="invisible"/></tr></table><p class="totop"><a href="#summary">back to summary</a></p>
<h3 id="m14">com.vspace.qa.TestCases.LoginTest#TC001_chckvldcredential_LoginTest</h3><table class="result"><tr><th>Exception</th></tr><tr><td><div class="stacktrace">java.lang.AssertionError: null
	at com.vspace.qa.base.Base.initialise(Base.java:31)
	at com.vspace.qa.TestCases.LoginTest.initialization(LoginTest.java:28)
	at java.base/java.util.ArrayList.forEach(ArrayList.java:1511)
... Removed 33 stack frames</div></td></tr></table><p class="totop"><a href="#summary">back to summary</a></p>
<h3 id="m15">com.vspace.qa.TestCases.LoginTest#TC002_chckInvldEmail_LoginTest</h3><table class="result"><tr><th>Exception</th></tr><tr><td><div class="stacktrace">java.lang.AssertionError: null
	at com.vspace.qa.base.Base.initialise(Base.java:31)
	at com.vspace.qa.TestCases.LoginTest.initialization(LoginTest.java:28)
	at java.base/java.util.ArrayList.forEach(ArrayList.java:1511)
... Removed 33 stack frames</div></td></tr></table><p class="totop"><a href="#summary">back to summary</a></p>
<h3 id="m16">com.vspace.qa.TestCases.LoginTest#TC003_chckInvldPasswd_LoginTest</h3><table class="result"><tr><th>Exception</th></tr><tr><td><div class="stacktrace">java.lang.AssertionError: null
	at com.vspace.qa.base.Base.initialise(Base.java:31)
	at com.vspace.qa.TestCases.LoginTest.initialization(LoginTest.java:28)
	at java.base/java.util.ArrayList.forEach(ArrayList.java:1511)
... Removed 33 stack frames</div></td></tr></table><p class="totop"><a href="#summary">back to summary</a></p>
<h3 id="m17">com.vspace.qa.TestCases.LoginTest#TC004_chckblankemail_LoginTest</h3><table class="result"><tr><th>Exception</th></tr><tr><td><div class="stacktrace">java.lang.Throwable: Method LoginTest.TC004_chckblankemail_LoginTest()[pri:0, instance:com.vspace.qa.TestCases.LoginTest@618425b5] depends on not successfully finished methods
	at java.base/java.util.ArrayList.forEach(ArrayList.java:1511)
... Removed 18 stack frames</div></td></tr></table><p class="totop"><a href="#summary">back to summary</a></p>
<h3 id="m18">com.vspace.qa.TestCases.LoginTest#TC005_chckblankpassword_LoginTest</h3><table class="result"><tr><th>Exception</th></tr><tr><td><div class="stacktrace">java.lang.AssertionError: null
	at com.vspace.qa.base.Base.initialise(Base.java:31)
	at com.vspace.qa.TestCases.LoginTest.initialization(LoginTest.java:28)
	at java.base/java.util.ArrayList.forEach(ArrayList.java:1511)
... Removed 33 stack frames</div></td></tr></table><p class="totop"><a href="#summary">back to summary</a></p>
<h3 id="m19">com.vspace.qa.TestCases.LoginTest#TC006_chckblankemailPassws_LoginTest</h3><table class="result"><tr><th>Exception</th></tr><tr><td><div class="stacktrace">java.lang.AssertionError: null
	at com.vspace.qa.base.Base.initialise(Base.java:31)
	at com.vspace.qa.TestCases.LoginTest.initialization(LoginTest.java:28)
	at java.base/java.util.ArrayList.forEach(ArrayList.java:1511)
... Removed 33 stack frames</div></td></tr></table><p class="totop"><a href="#summary">back to summary</a></p>
<h3 id="m20">com.vspace.qa.TestCases.OpportunityListingTest#TC007_opportunityBtn_clcksuccess</h3><table class="result"><tr><th>Exception</th></tr><tr><td><div class="stacktrace">java.lang.AssertionError: null
	at com.vspace.qa.base.Base.initialise(Base.java:31)
	at com.vspace.qa.TestCases.OpportunityListingTest.initialization(OpportunityListingTest.java:27)
	at java.base/java.util.ArrayList.forEach(ArrayList.java:1511)
... Removed 33 stack frames</div></td></tr></table><p class="totop"><a href="#summary">back to summary</a></p>
<h3 id="m21">com.vspace.qa.TestCases.OpportunityListingTest#TC008_oppListcountChck</h3><table class="result"><tr><th>Exception</th></tr><tr><td><div class="stacktrace">java.lang.AssertionError: null
	at com.vspace.qa.base.Base.initialise(Base.java:31)
	at com.vspace.qa.TestCases.OpportunityListingTest.initialization(OpportunityListingTest.java:27)
	at java.base/java.util.ArrayList.forEach(ArrayList.java:1511)
... Removed 33 stack frames</div></td></tr></table><p class="totop"><a href="#summary">back to summary</a></p>
</body>
</html>
